<?xml version="1.0" encoding="UTF-8"?>
<!-- Generated by org.testng.reporters.JUnitReportReporter -->
<testsuite hostname="CILT_13" failures="0" tests="1" name="AH_Claims.AH_DentalClaims" time="57.931" errors="0" timestamp="2024-04-22T16:50:03 IST" skipped="0">
  <testcase classname="AH_Claims.AH_DentalClaims" name="DentalClaim" time="57.931"/>
  <system-out/>
</testsuite> <!-- AH_Claims.AH_DentalClaims -->
